2020-04-15 01:04:26.759  INFO 11140 --- [main] t.e.s.ConsomiTounsi619V0Application      : Starting ConsomiTounsi619V0Application on DESKTOP-D1BARA8 with PID 11140 (C:\Users\Lenovo\git\ConsommiTounsi619\ConsomiTounsi619_v0\target\classes started by Lenovo in C:\Users\Lenovo\git\ConsommiTounsi619\ConsomiTounsi619_v0)
2020-04-15 01:04:26.766  INFO 11140 --- [main] t.e.s.ConsomiTounsi619V0Application      : No active profile set, falling back to default profiles: default
2020-04-15 01:04:27.632  INFO 11140 --- [main] .s.d.r.c.RepositoryConfigurationDelegate : Bootstrapping Spring Data JPA repositories in DEFAULT mode.
2020-04-15 01:04:27.778  INFO 11140 --- [main] .s.d.r.c.RepositoryConfigurationDelegate : Finished Spring Data repository scanning in 133ms. Found 14 JPA repository interfaces.
2020-04-15 01:04:28.144  INFO 11140 --- [main] trationDelegate$BeanPostProcessorChecker : Bean 'org.springframework.security.config.annotation.configuration.ObjectPostProcessorConfiguration' of type [org.springframework.security.config.annotation.configuration.ObjectPostProcessorConfiguration] is not eligible for getting processed by all BeanPostProcessors (for example: not eligible for auto-proxying)
2020-04-15 01:04:28.148  INFO 11140 --- [main] trationDelegate$BeanPostProcessorChecker : Bean 'objectPostProcessor' of type [org.springframework.security.config.annotation.configuration.AutowireBeanFactoryObjectPostProcessor] is not eligible for getting processed by all BeanPostProcessors (for example: not eligible for auto-proxying)
2020-04-15 01:04:28.150  INFO 11140 --- [main] trationDelegate$BeanPostProcessorChecker : Bean 'org.springframework.security.access.expression.method.DefaultMethodSecurityExpressionHandler@150d80c4' of type [org.springframework.security.access.expression.method.DefaultMethodSecurityExpressionHandler] is not eligible for getting processed by all BeanPostProcessors (for example: not eligible for auto-proxying)
2020-04-15 01:04:28.152  INFO 11140 --- [main] trationDelegate$BeanPostProcessorChecker : Bean 'org.springframework.security.config.annotation.method.configuration.GlobalMethodSecurityConfiguration' of type [org.springframework.security.config.annotation.method.configuration.GlobalMethodSecurityConfiguration] is not eligible for getting processed by all BeanPostProcessors (for example: not eligible for auto-proxying)
2020-04-15 01:04:28.155  INFO 11140 --- [main] trationDelegate$BeanPostProcessorChecker : Bean 'methodSecurityMetadataSource' of type [org.springframework.security.access.method.DelegatingMethodSecurityMetadataSource] is not eligible for getting processed by all BeanPostProcessors (for example: not eligible for auto-proxying)
2020-04-15 01:04:28.429  INFO 11140 --- [main] o.s.b.w.embedded.tomcat.TomcatWebServer  : Tomcat initialized with port(s): 8080 (http)
2020-04-15 01:04:28.436  INFO 11140 --- [main] o.apache.catalina.core.StandardService   : Starting service [Tomcat]
2020-04-15 01:04:28.436  INFO 11140 --- [main] org.apache.catalina.core.StandardEngine  : Starting Servlet engine: [Apache Tomcat/9.0.31]
2020-04-15 01:04:28.538  INFO 11140 --- [main] o.a.c.c.C.[.[localhost].[/SpringMVC]     : Initializing Spring embedded WebApplicationContext
2020-04-15 01:04:28.538  INFO 11140 --- [main] o.s.web.context.ContextLoader            : Root WebApplicationContext: initialization completed in 1733 ms
2020-04-15 01:04:28.739  INFO 11140 --- [main] o.hibernate.jpa.internal.util.LogHelper  : HHH000204: Processing PersistenceUnitInfo [name: default]
2020-04-15 01:04:28.796  INFO 11140 --- [main] org.hibernate.Version                    : HHH000412: Hibernate ORM core version 5.4.12.Final
2020-04-15 01:04:28.896  INFO 11140 --- [main] o.hibernate.annotations.common.Version   : HCANN000001: Hibernate Commons Annotations {5.1.0.Final}
2020-04-15 01:04:29.077  INFO 11140 --- [main] com.zaxxer.hikari.HikariDataSource       : HikariPool-1 - Starting...
2020-04-15 01:04:29.240  INFO 11140 --- [main] com.zaxxer.hikari.HikariDataSource       : HikariPool-1 - Start completed.
2020-04-15 01:04:29.251  INFO 11140 --- [main] org.hibernate.dialect.Dialect            : HHH000400: Using dialect: org.hibernate.dialect.MySQL5InnoDBDialect
2020-04-15 01:04:29.416  WARN 11140 --- [main] org.hibernate.cfg.AnnotationBinder       : HHH000139: Illegal use of @Table in a subclass of a SINGLE_TABLE hierarchy: tn.esprit.spring.entity.Driver
2020-04-15 01:04:30.115  INFO 11140 --- [main] org.hibernate.tuple.PojoInstantiator     : HHH000182: No default (no-argument) constructor for class: tn.esprit.spring.entity.UserProductCategoryViews (class must be instantiated by Interceptor)
2020-04-15 01:04:30.208  INFO 11140 --- [main] org.hibernate.tuple.PojoInstantiator     : HHH000182: No default (no-argument) constructor for class: tn.esprit.spring.entity.UserProductViews (class must be instantiated by Interceptor)
2020-04-15 01:05:09.065  INFO 11140 --- [main] o.h.e.t.j.p.i.JtaPlatformInitiator       : HHH000490: Using JtaPlatform implementation: [org.hibernate.engine.transaction.jta.platform.internal.NoJtaPlatform]
2020-04-15 01:05:09.083  INFO 11140 --- [main] j.LocalContainerEntityManagerFactoryBean : Initialized JPA EntityManagerFactory for persistence unit 'default'
2020-04-15 01:05:09.758  WARN 11140 --- [main] JpaBaseConfiguration$JpaWebConfiguration : spring.jpa.open-in-view is enabled by default. Therefore, database queries may be performed during view rendering. Explicitly configure spring.jpa.open-in-view to disable this warning
2020-04-15 01:05:10.479  INFO 11140 --- [main] o.s.s.web.DefaultSecurityFilterChain     : Creating filter chain: any request, [org.springframework.security.web.context.request.async.WebAsyncManagerIntegrationFilter@38667005, org.springframework.security.web.context.SecurityContextPersistenceFilter@986b619, org.springframework.security.web.header.HeaderWriterFilter@284c4f02, org.springframework.web.filter.CorsFilter@7ee64b53, org.springframework.security.web.authentication.logout.LogoutFilter@37d3aa8c, tn.esprit.spring.config.JwtRequestFilter@6cd2cb2, org.springframework.security.web.savedrequest.RequestCacheAwareFilter@7c956dda, org.springframework.security.web.servletapi.SecurityContextHolderAwareRequestFilter@631944d4, org.springframework.security.web.authentication.AnonymousAuthenticationFilter@1131aead, org.springframework.security.web.session.SessionManagementFilter@3fd33f48, org.springframework.security.web.access.ExceptionTranslationFilter@2c08c787, org.springframework.security.web.access.intercept.FilterSecurityInterceptor@627acb38]
2020-04-15 01:05:10.633  INFO 11140 --- [main] o.s.s.concurrent.ThreadPoolTaskExecutor  : Initializing ExecutorService 'applicationTaskExecutor'
2020-04-15 01:05:10.943  INFO 11140 --- [main] o.s.s.c.ThreadPoolTaskScheduler          : Initializing ExecutorService 'taskScheduler'
2020-04-15 01:05:12.081  INFO 11140 --- [main] o.s.b.w.embedded.tomcat.TomcatWebServer  : Tomcat started on port(s): 8080 (http) with context path '/SpringMVC'
2020-04-15 01:05:12.086  INFO 11140 --- [main] t.e.s.ConsomiTounsi619V0Application      : Started ConsomiTounsi619V0Application in 45.783 seconds (JVM running for 47.143)
